{
  "RSpec": {
    "coverage": {
      "/home/franzejr/workspace/railsfundamental/blog-social/app/models/user.rb": [
        1,
        1,
        1,
        null,
        null,
        null,
        1,
        null,
        null,
        null,
        1,
        1,
        null
      ],
      "/home/franzejr/workspace/railsfundamental/blog-social/app/controllers/application_controller.rb": [
        1,
        1,
        null,
        1,
        0,
        null,
        null,
        1,
        0,
        null,
        null
      ],
      "/home/franzejr/workspace/railsfundamental/blog-social/app/helpers/application_helper.rb": [
        1,
        1,
        0,
        null,
        null
      ],
      "/home/franzejr/workspace/railsfundamental/blog-social/app/helpers/home_helper.rb": [
        1,
        1,
        2,
        1,
        null,
        1,
        null,
        null,
        null
      ],
      "/home/franzejr/workspace/railsfundamental/blog-social/app/helpers/post_helper.rb": [
        1,
        null
      ],
      "/home/franzejr/workspace/railsfundamental/blog-social/app/controllers/home_controller.rb": [
        1,
        1,
        null,
        null,
        null,
        1,
        1,
        null,
        null,
        1,
        1,
        null,
        null,
        null,
        1,
        1,
        1,
        1,
        null,
        1,
        null,
        null,
        1,
        1,
        1,
        1,
        null,
        1,
        null,
        null,
        null
      ],
      "/home/franzejr/workspace/railsfundamental/blog-social/app/controllers/post_controller.rb": [
        1,
        1,
        null,
        1,
        null,
        null,
        1,
        1,
        null,
        null,
        1,
        1,
        1,
        null,
        1,
        1,
        null,
        null,
        1,
        1,
        null,
        null,
        1,
        1,
        1,
        null,
        1,
        null,
        null,
        1,
        1,
        null,
        null,
        null
      ],
      "/home/franzejr/workspace/railsfundamental/blog-social/app/models/post.rb": [
        1,
        1,
        1,
        1,
        null
      ],
      "/home/franzejr/workspace/railsfundamental/blog-social/app/models/category.rb": [
        1,
        1,
        1,
        null,
        null
      ],
      "/home/franzejr/workspace/railsfundamental/blog-social/app/models/follow.rb": [
        1,
        null,
        1,
        1,
        null,
        null,
        1,
        1,
        null,
        1,
        0,
        null,
        null,
        null
      ],
      "/home/franzejr/workspace/railsfundamental/blog-social/app/models/post_category.rb": [
        1,
        1,
        1,
        null
      ]
    },
    "timestamp": 1338404082
  }
}
